2021-07-12 10:08:02.383  INFO 938 --- [main] i.c.e.o.m.ManagementApplication          : Starting ManagementApplication v0.0.1-SNAPSHOT on eisgsaportalidc01-env2.idc1.level3.com with PID 938 (/app/eis-ordering-notification/eis-ordering-notification.jar started by envuser in /app/eis-ordering-notification)
2021-07-12 10:08:02.388  INFO 938 --- [main] i.c.e.o.m.ManagementApplication          : No active profile set, falling back to default profiles: default
2021-07-12 10:08:04.413  INFO 938 --- [main] .s.d.r.c.RepositoryConfigurationDelegate : Bootstrapping Spring Data JPA repositories in DEFERRED mode.
2021-07-12 10:08:04.604  INFO 938 --- [main] .s.d.r.c.RepositoryConfigurationDelegate : Finished Spring Data repository scanning in 176ms. Found 13 JPA repository interfaces.
2021-07-12 10:08:05.751  INFO 938 --- [main] o.s.b.w.embedded.tomcat.TomcatWebServer  : Tomcat initialized with port(s): 8103 (http)
2021-07-12 10:08:05.767  INFO 938 --- [main] o.apache.catalina.core.StandardService   : Starting service [Tomcat]
2021-07-12 10:08:05.768  INFO 938 --- [main] org.apache.catalina.core.StandardEngine  : Starting Servlet engine: [Apache Tomcat/9.0.37]
2021-07-12 10:08:05.855  INFO 938 --- [main] o.a.c.c.C.[.[.[/ord-manager-svc/api/v1]  : Initializing Spring embedded WebApplicationContext
2021-07-12 10:08:05.856  INFO 938 --- [main] w.s.c.ServletWebServerApplicationContext : Root WebApplicationContext: initialization completed in 3362 ms
2021-07-12 10:08:06.703  INFO 938 --- [main] o.s.s.concurrent.ThreadPoolTaskExecutor  : Initializing ExecutorService 'applicationTaskExecutor'
2021-07-12 10:08:06.718  INFO 938 --- [main] o.s.s.c.ThreadPoolTaskScheduler          : Initializing ExecutorService 'taskScheduler'
2021-07-12 10:08:07.059  INFO 938 --- [task-1] o.hibernate.jpa.internal.util.LogHelper  : HHH000204: Processing PersistenceUnitInfo [name: default]
2021-07-12 10:08:07.395  WARN 938 --- [main] JpaBaseConfiguration$JpaWebConfiguration : spring.jpa.open-in-view is enabled by default. Therefore, database queries may be performed during view rendering. Explicitly configure spring.jpa.open-in-view to disable this warning
2021-07-12 10:08:08.238  INFO 938 --- [task-1] org.hibernate.Version                    : HHH000412: Hibernate ORM core version 5.4.18.Final
2021-07-12 10:08:08.921  INFO 938 --- [task-1] o.hibernate.annotations.common.Version   : HCANN000001: Hibernate Commons Annotations {5.1.0.Final}
2021-07-12 10:08:09.367  INFO 938 --- [task-1] com.zaxxer.hikari.HikariDataSource       : HikariPool-1 - Starting...
2021-07-12 10:08:10.294  INFO 938 --- [task-1] com.zaxxer.hikari.HikariDataSource       : HikariPool-1 - Start completed.
2021-07-12 10:08:10.465  INFO 938 --- [task-1] org.hibernate.dialect.Dialect            : HHH000400: Using dialect: org.hibernate.dialect.Oracle12cDialect
2021-07-12 10:08:14.101  INFO 938 --- [task-1] o.h.e.t.j.p.i.JtaPlatformInitiator       : HHH000490: Using JtaPlatform implementation: [org.hibernate.engine.transaction.jta.platform.internal.NoJtaPlatform]
2021-07-12 10:08:14.957  INFO 938 --- [task-1] j.LocalContainerEntityManagerFactoryBean : Initialized JPA EntityManagerFactory for persistence unit 'default'
2021-07-12 10:08:14.997  INFO 938 --- [main] o.s.b.a.e.web.EndpointLinksResolver      : Exposing 14 endpoint(s) beneath base path ''
2021-07-12 10:08:15.062  INFO 938 --- [main] o.s.b.w.embedded.tomcat.TomcatWebServer  : Tomcat started on port(s): 8103 (http) with context path '/ord-manager-svc/api/v1'
2021-07-12 10:08:15.065  INFO 938 --- [main] DeferredRepositoryInitializationListener : Triggering deferred initialization of Spring Data repositories…
2021-07-12 10:08:16.421  INFO 938 --- [main] DeferredRepositoryInitializationListener : Spring Data repositories initialized!
2021-07-12 10:08:16.443  INFO 938 --- [main] i.c.e.o.m.ManagementApplication          : Started ManagementApplication in 15.423 seconds (JVM running for 16.782)
